[27/Oct/2017 13:21:18] INFO [django.server:124] "GET / HTTP/1.1" 200 10182
[27/Oct/2017 13:21:18] INFO [django.server:124] "GET /static/sixty_mill/testphoto2.jpg HTTP/1.1" 304 0
[27/Oct/2017 13:21:18] INFO [django.server:124] "GET /static/sixty_mill/testphoto1.jpg HTTP/1.1" 304 0
[27/Oct/2017 13:21:18] INFO [django.server:124] "GET /static/sixty_mill/testphoto3.jpg HTTP/1.1" 304 0
[27/Oct/2017 14:05:20] DEBUG [django.db.backends:91] (0.004) 
            SELECT c.relname, c.relkind
            FROM pg_catalog.pg_class c
            LEFT JOIN pg_catalog.pg_namespace n ON n.oid = c.relnamespace
            WHERE c.relkind IN ('r', 'v')
                AND n.nspname NOT IN ('pg_catalog', 'pg_toast')
                AND pg_catalog.pg_table_is_visible(c.oid); args=None
[27/Oct/2017 14:05:20] DEBUG [django.db.backends:91] (0.001) SELECT "django_migrations"."app", "django_migrations"."name" FROM "django_migrations"; args=()
[27/Oct/2017 14:05:25] DEBUG [django.db.backends:91] (0.005) 
            SELECT c.relname, c.relkind
            FROM pg_catalog.pg_class c
            LEFT JOIN pg_catalog.pg_namespace n ON n.oid = c.relnamespace
            WHERE c.relkind IN ('r', 'v')
                AND n.nspname NOT IN ('pg_catalog', 'pg_toast')
                AND pg_catalog.pg_table_is_visible(c.oid); args=None
[27/Oct/2017 14:05:25] DEBUG [django.db.backends:91] (0.001) SELECT "django_migrations"."app", "django_migrations"."name" FROM "django_migrations"; args=()
[27/Oct/2017 14:11:34] DEBUG [django.db.backends:91] (0.005) 
            SELECT c.relname, c.relkind
            FROM pg_catalog.pg_class c
            LEFT JOIN pg_catalog.pg_namespace n ON n.oid = c.relnamespace
            WHERE c.relkind IN ('r', 'v')
                AND n.nspname NOT IN ('pg_catalog', 'pg_toast')
                AND pg_catalog.pg_table_is_visible(c.oid); args=None
[27/Oct/2017 14:11:34] DEBUG [django.db.backends:91] (0.001) SELECT "django_migrations"."app", "django_migrations"."name" FROM "django_migrations"; args=()
[27/Oct/2017 14:12:18] DEBUG [django.db.backends:91] (0.005) 
            SELECT c.relname, c.relkind
            FROM pg_catalog.pg_class c
            LEFT JOIN pg_catalog.pg_namespace n ON n.oid = c.relnamespace
            WHERE c.relkind IN ('r', 'v')
                AND n.nspname NOT IN ('pg_catalog', 'pg_toast')
                AND pg_catalog.pg_table_is_visible(c.oid); args=None
[27/Oct/2017 14:12:18] DEBUG [django.db.backends:91] (0.001) SELECT "django_migrations"."app", "django_migrations"."name" FROM "django_migrations"; args=()
[27/Oct/2017 14:12:51] DEBUG [django.db.backends:91] (0.004) 
            SELECT c.relname, c.relkind
            FROM pg_catalog.pg_class c
            LEFT JOIN pg_catalog.pg_namespace n ON n.oid = c.relnamespace
            WHERE c.relkind IN ('r', 'v')
                AND n.nspname NOT IN ('pg_catalog', 'pg_toast')
                AND pg_catalog.pg_table_is_visible(c.oid); args=None
[27/Oct/2017 14:12:51] DEBUG [django.db.backends:91] (0.001) SELECT "django_migrations"."app", "django_migrations"."name" FROM "django_migrations"; args=()
[27/Oct/2017 14:13:09] DEBUG [django.db.backends:91] (0.004) 
            SELECT c.relname, c.relkind
            FROM pg_catalog.pg_class c
            LEFT JOIN pg_catalog.pg_namespace n ON n.oid = c.relnamespace
            WHERE c.relkind IN ('r', 'v')
                AND n.nspname NOT IN ('pg_catalog', 'pg_toast')
                AND pg_catalog.pg_table_is_visible(c.oid); args=None
[27/Oct/2017 14:13:09] DEBUG [django.db.backends:91] (0.001) SELECT "django_migrations"."app", "django_migrations"."name" FROM "django_migrations"; args=()
[27/Oct/2017 14:13:21] DEBUG [django.db.backends:91] (0.005) 
            SELECT c.relname, c.relkind
            FROM pg_catalog.pg_class c
            LEFT JOIN pg_catalog.pg_namespace n ON n.oid = c.relnamespace
            WHERE c.relkind IN ('r', 'v')
                AND n.nspname NOT IN ('pg_catalog', 'pg_toast')
                AND pg_catalog.pg_table_is_visible(c.oid); args=None
[27/Oct/2017 14:13:21] DEBUG [django.db.backends:91] (0.001) SELECT "django_migrations"."app", "django_migrations"."name" FROM "django_migrations"; args=()
[27/Oct/2017 14:15:00] INFO [django.server:124] "GET / HTTP/1.1" 200 10182
[27/Oct/2017 14:15:00] INFO [django.server:124] "GET /static/sixty_mill/testphoto2.jpg HTTP/1.1" 304 0
[27/Oct/2017 14:15:00] INFO [django.server:124] "GET /static/sixty_mill/testphoto1.jpg HTTP/1.1" 304 0
[27/Oct/2017 14:15:00] INFO [django.server:124] "GET /static/sixty_mill/testphoto3.jpg HTTP/1.1" 304 0
[27/Oct/2017 14:18:45] DEBUG [django.db.backends:91] (0.004) 
            SELECT c.relname, c.relkind
            FROM pg_catalog.pg_class c
            LEFT JOIN pg_catalog.pg_namespace n ON n.oid = c.relnamespace
            WHERE c.relkind IN ('r', 'v')
                AND n.nspname NOT IN ('pg_catalog', 'pg_toast')
                AND pg_catalog.pg_table_is_visible(c.oid); args=None
[27/Oct/2017 14:18:45] DEBUG [django.db.backends:91] (0.002) SELECT "django_migrations"."app", "django_migrations"."name" FROM "django_migrations"; args=()
[27/Oct/2017 14:24:26] DEBUG [django.db.backends:91] (0.004) 
            SELECT c.relname, c.relkind
            FROM pg_catalog.pg_class c
            LEFT JOIN pg_catalog.pg_namespace n ON n.oid = c.relnamespace
            WHERE c.relkind IN ('r', 'v')
                AND n.nspname NOT IN ('pg_catalog', 'pg_toast')
                AND pg_catalog.pg_table_is_visible(c.oid); args=None
[27/Oct/2017 14:24:26] DEBUG [django.db.backends:91] (0.001) SELECT "django_migrations"."app", "django_migrations"."name" FROM "django_migrations"; args=()
[27/Oct/2017 14:24:38] INFO [django.server:124] "GET / HTTP/1.1" 200 10182
[27/Oct/2017 14:24:38] INFO [django.server:124] "GET /static/sixty_mill/testphoto2.jpg HTTP/1.1" 304 0
[27/Oct/2017 14:24:38] INFO [django.server:124] "GET /static/sixty_mill/testphoto1.jpg HTTP/1.1" 304 0
[27/Oct/2017 14:24:38] INFO [django.server:124] "GET /static/sixty_mill/testphoto3.jpg HTTP/1.1" 304 0
[27/Oct/2017 14:28:48] DEBUG [django.db.backends:91] (0.004) 
            SELECT c.relname, c.relkind
            FROM pg_catalog.pg_class c
            LEFT JOIN pg_catalog.pg_namespace n ON n.oid = c.relnamespace
            WHERE c.relkind IN ('r', 'v')
                AND n.nspname NOT IN ('pg_catalog', 'pg_toast')
                AND pg_catalog.pg_table_is_visible(c.oid); args=None
[27/Oct/2017 14:28:48] DEBUG [django.db.backends:91] (0.001) SELECT "django_migrations"."app", "django_migrations"."name" FROM "django_migrations"; args=()
[27/Oct/2017 14:34:42] DEBUG [django.db.backends:91] (0.004) 
            SELECT c.relname, c.relkind
            FROM pg_catalog.pg_class c
            LEFT JOIN pg_catalog.pg_namespace n ON n.oid = c.relnamespace
            WHERE c.relkind IN ('r', 'v')
                AND n.nspname NOT IN ('pg_catalog', 'pg_toast')
                AND pg_catalog.pg_table_is_visible(c.oid); args=None
[27/Oct/2017 14:34:42] DEBUG [django.db.backends:91] (0.001) SELECT "django_migrations"."app", "django_migrations"."name" FROM "django_migrations"; args=()
[27/Oct/2017 14:35:52] DEBUG [django.db.backends:91] (0.004) 
            SELECT c.relname, c.relkind
            FROM pg_catalog.pg_class c
            LEFT JOIN pg_catalog.pg_namespace n ON n.oid = c.relnamespace
            WHERE c.relkind IN ('r', 'v')
                AND n.nspname NOT IN ('pg_catalog', 'pg_toast')
                AND pg_catalog.pg_table_is_visible(c.oid); args=None
[27/Oct/2017 14:35:52] DEBUG [django.db.backends:91] (0.001) SELECT "django_migrations"."app", "django_migrations"."name" FROM "django_migrations"; args=()
[27/Oct/2017 14:38:41] DEBUG [django.db.backends:91] (0.008) 
            SELECT c.relname, c.relkind
            FROM pg_catalog.pg_class c
            LEFT JOIN pg_catalog.pg_namespace n ON n.oid = c.relnamespace
            WHERE c.relkind IN ('r', 'v')
                AND n.nspname NOT IN ('pg_catalog', 'pg_toast')
                AND pg_catalog.pg_table_is_visible(c.oid); args=None
[27/Oct/2017 14:38:41] DEBUG [django.db.backends:91] (0.001) SELECT "django_migrations"."app", "django_migrations"."name" FROM "django_migrations"; args=()
[27/Oct/2017 14:38:46] INFO [django.server:124] "GET / HTTP/1.1" 200 10182
[27/Oct/2017 14:38:46] ERROR [django.server:124] "GET /static/sixty_mill/testphoto2.jpg HTTP/1.1" 500 59
[27/Oct/2017 14:38:46] ERROR [django.server:124] "GET /static/sixty_mill/testphoto1.jpg HTTP/1.1" 500 59
[27/Oct/2017 14:38:46] ERROR [django.server:124] "GET /static/sixty_mill/testphoto3.jpg HTTP/1.1" 500 59
[27/Oct/2017 14:43:19] DEBUG [django.db.backends:91] (0.004) 
            SELECT c.relname, c.relkind
            FROM pg_catalog.pg_class c
            LEFT JOIN pg_catalog.pg_namespace n ON n.oid = c.relnamespace
            WHERE c.relkind IN ('r', 'v')
                AND n.nspname NOT IN ('pg_catalog', 'pg_toast')
                AND pg_catalog.pg_table_is_visible(c.oid); args=None
[27/Oct/2017 14:43:19] DEBUG [django.db.backends:91] (0.001) SELECT "django_migrations"."app", "django_migrations"."name" FROM "django_migrations"; args=()
[27/Oct/2017 14:46:01] INFO [django.server:124] "GET / HTTP/1.1" 200 10182
[27/Oct/2017 14:46:01] ERROR [django.server:124] "GET /static/sixty_mill/testphoto2.jpg HTTP/1.1" 500 59
[27/Oct/2017 14:46:01] ERROR [django.server:124] "GET /static/sixty_mill/testphoto1.jpg HTTP/1.1" 500 59
[27/Oct/2017 14:46:01] ERROR [django.server:124] "GET /static/sixty_mill/testphoto3.jpg HTTP/1.1" 500 59
[27/Oct/2017 14:46:03] INFO [django.server:124] "GET / HTTP/1.1" 200 10182
[27/Oct/2017 14:46:03] ERROR [django.server:124] "GET /static/sixty_mill/testphoto2.jpg HTTP/1.1" 500 59
[27/Oct/2017 14:46:03] ERROR [django.server:124] "GET /static/sixty_mill/testphoto1.jpg HTTP/1.1" 500 59
[27/Oct/2017 14:46:03] ERROR [django.server:124] "GET /static/sixty_mill/testphoto3.jpg HTTP/1.1" 500 59
[27/Oct/2017 14:46:14] INFO [django.server:124] "GET / HTTP/1.1" 200 10182
[27/Oct/2017 14:46:14] ERROR [django.server:124] "GET /static/sixty_mill/testphoto2.jpg HTTP/1.1" 500 59
[27/Oct/2017 14:46:14] ERROR [django.server:124] "GET /static/sixty_mill/testphoto1.jpg HTTP/1.1" 500 59
[27/Oct/2017 14:46:14] ERROR [django.server:124] "GET /static/sixty_mill/testphoto3.jpg HTTP/1.1" 500 59
[27/Oct/2017 14:46:52] DEBUG [django.db.backends:91] (0.007) 
            SELECT c.relname, c.relkind
            FROM pg_catalog.pg_class c
            LEFT JOIN pg_catalog.pg_namespace n ON n.oid = c.relnamespace
            WHERE c.relkind IN ('r', 'v')
                AND n.nspname NOT IN ('pg_catalog', 'pg_toast')
                AND pg_catalog.pg_table_is_visible(c.oid); args=None
[27/Oct/2017 14:46:52] DEBUG [django.db.backends:91] (0.002) SELECT "django_migrations"."app", "django_migrations"."name" FROM "django_migrations"; args=()
[27/Oct/2017 14:47:04] INFO [django.server:124] "GET / HTTP/1.1" 200 10182
[27/Oct/2017 14:47:04] INFO [django.server:124] "GET /static/sixty_mill/testphoto2.jpg HTTP/1.1" 200 568784
[27/Oct/2017 14:47:05] INFO [django.server:124] "GET /static/sixty_mill/testphoto3.jpg HTTP/1.1" 200 1513779
[27/Oct/2017 14:47:05] INFO [django.server:124] "GET /static/sixty_mill/testphoto1.jpg HTTP/1.1" 200 2016932
[27/Oct/2017 17:53:05] INFO [django.server:124] "GET / HTTP/1.1" 200 10182
[27/Oct/2017 17:53:05] DEBUG [django.template:925] Exception while resolving variable 'name' in template 'unknown'.
Traceback (most recent call last):
  File "/Users/macbook/djangoProjects/Envs/smENV/lib/python3.5/site-packages/django/core/handlers/exception.py", line 41, in inner
    response = get_response(request)
  File "/Users/macbook/djangoProjects/Envs/smENV/lib/python3.5/site-packages/django/core/handlers/base.py", line 172, in _get_response
    resolver_match = resolver.resolve(request.path_info)
  File "/Users/macbook/djangoProjects/Envs/smENV/lib/python3.5/site-packages/django/urls/resolvers.py", line 392, in resolve
    raise Resolver404({'tried': tried, 'path': new_path})
django.urls.exceptions.Resolver404: {'path': 'favicon.ico', 'tried': [[<RegexURLResolver <module 'splash_page.urls' from '/Users/macbook/djangoProjects/Projects/SixtyMill_Repo/splash_page/urls.py'> (None:None) ^>, <RegexURLPattern home ^$>], [<RegexURLResolver <RegexURLPattern list> (admin:admin) ^admin/>]]}

During handling of the above exception, another exception occurred:

Traceback (most recent call last):
  File "/Users/macbook/djangoProjects/Envs/smENV/lib/python3.5/site-packages/django/template/base.py", line 882, in _resolve_lookup
    current = current[bit]
TypeError: 'RegexURLResolver' object is not subscriptable

During handling of the above exception, another exception occurred:

Traceback (most recent call last):
  File "/Users/macbook/djangoProjects/Envs/smENV/lib/python3.5/site-packages/django/template/base.py", line 890, in _resolve_lookup
    current = getattr(current, bit)
AttributeError: 'RegexURLResolver' object has no attribute 'name'

During handling of the above exception, another exception occurred:

Traceback (most recent call last):
  File "/Users/macbook/djangoProjects/Envs/smENV/lib/python3.5/site-packages/django/template/base.py", line 896, in _resolve_lookup
    current = current[int(bit)]
ValueError: invalid literal for int() with base 10: 'name'

During handling of the above exception, another exception occurred:

Traceback (most recent call last):
  File "/Users/macbook/djangoProjects/Envs/smENV/lib/python3.5/site-packages/django/template/base.py", line 903, in _resolve_lookup
    (bit, current))  # missing attribute
django.template.base.VariableDoesNotExist: Failed lookup for key [name] in '<RegexURLResolver <RegexURLPattern list> (admin:admin) ^admin/>'
[27/Oct/2017 17:53:05] WARNING [django.request:152] Not Found: /favicon.ico
[27/Oct/2017 17:53:05] WARNING [django.server:124] "GET /favicon.ico HTTP/1.1" 404 2128
[27/Oct/2017 17:54:03] DEBUG [django.db.backends:91] (0.026) 
            SELECT c.relname, c.relkind
            FROM pg_catalog.pg_class c
            LEFT JOIN pg_catalog.pg_namespace n ON n.oid = c.relnamespace
            WHERE c.relkind IN ('r', 'v')
                AND n.nspname NOT IN ('pg_catalog', 'pg_toast')
                AND pg_catalog.pg_table_is_visible(c.oid); args=None
[27/Oct/2017 17:54:03] DEBUG [django.db.backends:91] (0.002) SELECT "django_migrations"."app", "django_migrations"."name" FROM "django_migrations"; args=()
[27/Oct/2017 17:54:05] DEBUG [django.db.backends:91] (0.008) 
            SELECT c.relname, c.relkind
            FROM pg_catalog.pg_class c
            LEFT JOIN pg_catalog.pg_namespace n ON n.oid = c.relnamespace
            WHERE c.relkind IN ('r', 'v')
                AND n.nspname NOT IN ('pg_catalog', 'pg_toast')
                AND pg_catalog.pg_table_is_visible(c.oid); args=None
[27/Oct/2017 17:54:05] DEBUG [django.db.backends:91] (0.001) SELECT "django_migrations"."app", "django_migrations"."name" FROM "django_migrations"; args=()
[27/Oct/2017 17:57:59] ERROR [django.request:135] Internal Server Error: /
Traceback (most recent call last):
  File "/Users/macbook/djangoProjects/Envs/smENV/lib/python3.5/site-packages/django/core/handlers/exception.py", line 41, in inner
    response = get_response(request)
  File "/Users/macbook/djangoProjects/Envs/smENV/lib/python3.5/site-packages/django/core/handlers/base.py", line 187, in _get_response
    response = self.process_exception_by_middleware(e, request)
  File "/Users/macbook/djangoProjects/Envs/smENV/lib/python3.5/site-packages/django/core/handlers/base.py", line 185, in _get_response
    response = wrapped_callback(request, *callback_args, **callback_kwargs)
  File "/Users/macbook/djangoProjects/Projects/SixtyMill_Repo/splash_page/views.py", line 38, in home
    return render(request, 'splash_page/home.html', context)
  File "/Users/macbook/djangoProjects/Envs/smENV/lib/python3.5/site-packages/django/shortcuts.py", line 30, in render
    content = loader.render_to_string(template_name, context, request, using=using)
  File "/Users/macbook/djangoProjects/Envs/smENV/lib/python3.5/site-packages/django/template/loader.py", line 68, in render_to_string
    return template.render(context, request)
  File "/Users/macbook/djangoProjects/Envs/smENV/lib/python3.5/site-packages/django/template/backends/django.py", line 66, in render
    return self.template.render(context)
  File "/Users/macbook/djangoProjects/Envs/smENV/lib/python3.5/site-packages/django/template/base.py", line 207, in render
    return self._render(context)
  File "/Users/macbook/djangoProjects/Envs/smENV/lib/python3.5/site-packages/django/template/base.py", line 199, in _render
    return self.nodelist.render(context)
  File "/Users/macbook/djangoProjects/Envs/smENV/lib/python3.5/site-packages/django/template/base.py", line 990, in render
    bit = node.render_annotated(context)
  File "/Users/macbook/djangoProjects/Envs/smENV/lib/python3.5/site-packages/django/template/base.py", line 957, in render_annotated
    return self.render(context)
  File "/Users/macbook/djangoProjects/Envs/smENV/lib/python3.5/site-packages/django/template/loader_tags.py", line 177, in render
    return compiled_parent._render(context)
  File "/Users/macbook/djangoProjects/Envs/smENV/lib/python3.5/site-packages/django/template/base.py", line 199, in _render
    return self.nodelist.render(context)
  File "/Users/macbook/djangoProjects/Envs/smENV/lib/python3.5/site-packages/django/template/base.py", line 990, in render
    bit = node.render_annotated(context)
  File "/Users/macbook/djangoProjects/Envs/smENV/lib/python3.5/site-packages/django/template/base.py", line 957, in render_annotated
    return self.render(context)
  File "/Users/macbook/djangoProjects/Envs/smENV/lib/python3.5/site-packages/django/templatetags/static.py", line 105, in render
    url = self.url(context)
  File "/Users/macbook/djangoProjects/Envs/smENV/lib/python3.5/site-packages/django/templatetags/static.py", line 102, in url
    return self.handle_simple(path)
  File "/Users/macbook/djangoProjects/Envs/smENV/lib/python3.5/site-packages/django/templatetags/static.py", line 117, in handle_simple
    return staticfiles_storage.url(path)
  File "/Users/macbook/djangoProjects/Envs/smENV/lib/python3.5/site-packages/django/contrib/staticfiles/storage.py", line 162, in url
    return self._url(self.stored_name, name, force)
  File "/Users/macbook/djangoProjects/Envs/smENV/lib/python3.5/site-packages/django/contrib/staticfiles/storage.py", line 141, in _url
    hashed_name = hashed_name_func(*args)
  File "/Users/macbook/djangoProjects/Envs/smENV/lib/python3.5/site-packages/django/contrib/staticfiles/storage.py", line 432, in stored_name
    raise ValueError("Missing staticfiles manifest entry for '%s'" % clean_name)
ValueError: Missing staticfiles manifest entry for 'css/blog.css'
[27/Oct/2017 17:57:59] ERROR [django.server:124] "GET / HTTP/1.1" 500 27
[27/Oct/2017 17:58:06] DEBUG [django.db.backends:91] (0.004) 
            SELECT c.relname, c.relkind
            FROM pg_catalog.pg_class c
            LEFT JOIN pg_catalog.pg_namespace n ON n.oid = c.relnamespace
            WHERE c.relkind IN ('r', 'v')
                AND n.nspname NOT IN ('pg_catalog', 'pg_toast')
                AND pg_catalog.pg_table_is_visible(c.oid); args=None
[27/Oct/2017 17:58:06] DEBUG [django.db.backends:91] (0.001) SELECT "django_migrations"."app", "django_migrations"."name" FROM "django_migrations"; args=()
[27/Oct/2017 17:58:06] INFO [django.server:124] "GET / HTTP/1.1" 200 10182
[27/Oct/2017 17:59:47] ERROR [django.request:135] Internal Server Error: /
Traceback (most recent call last):
  File "/Users/macbook/djangoProjects/Envs/smENV/lib/python3.5/site-packages/django/core/handlers/exception.py", line 41, in inner
    response = get_response(request)
  File "/Users/macbook/djangoProjects/Envs/smENV/lib/python3.5/site-packages/django/core/handlers/base.py", line 187, in _get_response
    response = self.process_exception_by_middleware(e, request)
  File "/Users/macbook/djangoProjects/Envs/smENV/lib/python3.5/site-packages/django/core/handlers/base.py", line 185, in _get_response
    response = wrapped_callback(request, *callback_args, **callback_kwargs)
  File "/Users/macbook/djangoProjects/Projects/SixtyMill_Repo/splash_page/views.py", line 38, in home
    return render(request, 'splash_page/home.html', context)
  File "/Users/macbook/djangoProjects/Envs/smENV/lib/python3.5/site-packages/django/shortcuts.py", line 30, in render
    content = loader.render_to_string(template_name, context, request, using=using)
  File "/Users/macbook/djangoProjects/Envs/smENV/lib/python3.5/site-packages/django/template/loader.py", line 68, in render_to_string
    return template.render(context, request)
  File "/Users/macbook/djangoProjects/Envs/smENV/lib/python3.5/site-packages/django/template/backends/django.py", line 66, in render
    return self.template.render(context)
  File "/Users/macbook/djangoProjects/Envs/smENV/lib/python3.5/site-packages/django/template/base.py", line 207, in render
    return self._render(context)
  File "/Users/macbook/djangoProjects/Envs/smENV/lib/python3.5/site-packages/django/template/base.py", line 199, in _render
    return self.nodelist.render(context)
  File "/Users/macbook/djangoProjects/Envs/smENV/lib/python3.5/site-packages/django/template/base.py", line 990, in render
    bit = node.render_annotated(context)
  File "/Users/macbook/djangoProjects/Envs/smENV/lib/python3.5/site-packages/django/template/base.py", line 957, in render_annotated
    return self.render(context)
  File "/Users/macbook/djangoProjects/Envs/smENV/lib/python3.5/site-packages/django/template/loader_tags.py", line 177, in render
    return compiled_parent._render(context)
  File "/Users/macbook/djangoProjects/Envs/smENV/lib/python3.5/site-packages/django/template/base.py", line 199, in _render
    return self.nodelist.render(context)
  File "/Users/macbook/djangoProjects/Envs/smENV/lib/python3.5/site-packages/django/template/base.py", line 990, in render
    bit = node.render_annotated(context)
  File "/Users/macbook/djangoProjects/Envs/smENV/lib/python3.5/site-packages/django/template/base.py", line 957, in render_annotated
    return self.render(context)
  File "/Users/macbook/djangoProjects/Envs/smENV/lib/python3.5/site-packages/django/templatetags/static.py", line 105, in render
    url = self.url(context)
  File "/Users/macbook/djangoProjects/Envs/smENV/lib/python3.5/site-packages/django/templatetags/static.py", line 102, in url
    return self.handle_simple(path)
  File "/Users/macbook/djangoProjects/Envs/smENV/lib/python3.5/site-packages/django/templatetags/static.py", line 117, in handle_simple
    return staticfiles_storage.url(path)
  File "/Users/macbook/djangoProjects/Envs/smENV/lib/python3.5/site-packages/django/contrib/staticfiles/storage.py", line 162, in url
    return self._url(self.stored_name, name, force)
  File "/Users/macbook/djangoProjects/Envs/smENV/lib/python3.5/site-packages/django/contrib/staticfiles/storage.py", line 141, in _url
    hashed_name = hashed_name_func(*args)
  File "/Users/macbook/djangoProjects/Envs/smENV/lib/python3.5/site-packages/django/contrib/staticfiles/storage.py", line 432, in stored_name
    raise ValueError("Missing staticfiles manifest entry for '%s'" % clean_name)
ValueError: Missing staticfiles manifest entry for 'css/blog.css'
[27/Oct/2017 17:59:47] ERROR [django.server:124] "GET / HTTP/1.1" 500 27
[27/Oct/2017 17:59:47] WARNING [django.request:152] Not Found: /favicon.ico
[27/Oct/2017 17:59:47] WARNING [django.server:124] "GET /favicon.ico HTTP/1.1" 404 85
[27/Oct/2017 18:00:08] ERROR [django.request:135] Internal Server Error: /
Traceback (most recent call last):
  File "/Users/macbook/djangoProjects/Envs/smENV/lib/python3.5/site-packages/django/core/handlers/exception.py", line 41, in inner
    response = get_response(request)
  File "/Users/macbook/djangoProjects/Envs/smENV/lib/python3.5/site-packages/django/core/handlers/base.py", line 187, in _get_response
    response = self.process_exception_by_middleware(e, request)
  File "/Users/macbook/djangoProjects/Envs/smENV/lib/python3.5/site-packages/django/core/handlers/base.py", line 185, in _get_response
    response = wrapped_callback(request, *callback_args, **callback_kwargs)
  File "/Users/macbook/djangoProjects/Projects/SixtyMill_Repo/splash_page/views.py", line 38, in home
    return render(request, 'splash_page/home.html', context)
  File "/Users/macbook/djangoProjects/Envs/smENV/lib/python3.5/site-packages/django/shortcuts.py", line 30, in render
    content = loader.render_to_string(template_name, context, request, using=using)
  File "/Users/macbook/djangoProjects/Envs/smENV/lib/python3.5/site-packages/django/template/loader.py", line 68, in render_to_string
    return template.render(context, request)
  File "/Users/macbook/djangoProjects/Envs/smENV/lib/python3.5/site-packages/django/template/backends/django.py", line 66, in render
    return self.template.render(context)
  File "/Users/macbook/djangoProjects/Envs/smENV/lib/python3.5/site-packages/django/template/base.py", line 207, in render
    return self._render(context)
  File "/Users/macbook/djangoProjects/Envs/smENV/lib/python3.5/site-packages/django/template/base.py", line 199, in _render
    return self.nodelist.render(context)
  File "/Users/macbook/djangoProjects/Envs/smENV/lib/python3.5/site-packages/django/template/base.py", line 990, in render
    bit = node.render_annotated(context)
  File "/Users/macbook/djangoProjects/Envs/smENV/lib/python3.5/site-packages/django/template/base.py", line 957, in render_annotated
    return self.render(context)
  File "/Users/macbook/djangoProjects/Envs/smENV/lib/python3.5/site-packages/django/template/loader_tags.py", line 177, in render
    return compiled_parent._render(context)
  File "/Users/macbook/djangoProjects/Envs/smENV/lib/python3.5/site-packages/django/template/base.py", line 199, in _render
    return self.nodelist.render(context)
  File "/Users/macbook/djangoProjects/Envs/smENV/lib/python3.5/site-packages/django/template/base.py", line 990, in render
    bit = node.render_annotated(context)
  File "/Users/macbook/djangoProjects/Envs/smENV/lib/python3.5/site-packages/django/template/base.py", line 957, in render_annotated
    return self.render(context)
  File "/Users/macbook/djangoProjects/Envs/smENV/lib/python3.5/site-packages/django/templatetags/static.py", line 105, in render
    url = self.url(context)
  File "/Users/macbook/djangoProjects/Envs/smENV/lib/python3.5/site-packages/django/templatetags/static.py", line 102, in url
    return self.handle_simple(path)
  File "/Users/macbook/djangoProjects/Envs/smENV/lib/python3.5/site-packages/django/templatetags/static.py", line 117, in handle_simple
    return staticfiles_storage.url(path)
  File "/Users/macbook/djangoProjects/Envs/smENV/lib/python3.5/site-packages/django/contrib/staticfiles/storage.py", line 162, in url
    return self._url(self.stored_name, name, force)
  File "/Users/macbook/djangoProjects/Envs/smENV/lib/python3.5/site-packages/django/contrib/staticfiles/storage.py", line 141, in _url
    hashed_name = hashed_name_func(*args)
  File "/Users/macbook/djangoProjects/Envs/smENV/lib/python3.5/site-packages/django/contrib/staticfiles/storage.py", line 432, in stored_name
    raise ValueError("Missing staticfiles manifest entry for '%s'" % clean_name)
ValueError: Missing staticfiles manifest entry for 'css/blog.css'
[27/Oct/2017 18:00:08] ERROR [django.server:124] "GET / HTTP/1.1" 500 27
[27/Oct/2017 18:02:17] ERROR [django.request:135] Internal Server Error: /
Traceback (most recent call last):
  File "/Users/macbook/djangoProjects/Envs/smENV/lib/python3.5/site-packages/django/core/handlers/exception.py", line 41, in inner
    response = get_response(request)
  File "/Users/macbook/djangoProjects/Envs/smENV/lib/python3.5/site-packages/django/core/handlers/base.py", line 187, in _get_response
    response = self.process_exception_by_middleware(e, request)
  File "/Users/macbook/djangoProjects/Envs/smENV/lib/python3.5/site-packages/django/core/handlers/base.py", line 185, in _get_response
    response = wrapped_callback(request, *callback_args, **callback_kwargs)
  File "/Users/macbook/djangoProjects/Projects/SixtyMill_Repo/splash_page/views.py", line 38, in home
    return render(request, 'splash_page/home.html', context)
  File "/Users/macbook/djangoProjects/Envs/smENV/lib/python3.5/site-packages/django/shortcuts.py", line 30, in render
    content = loader.render_to_string(template_name, context, request, using=using)
  File "/Users/macbook/djangoProjects/Envs/smENV/lib/python3.5/site-packages/django/template/loader.py", line 68, in render_to_string
    return template.render(context, request)
  File "/Users/macbook/djangoProjects/Envs/smENV/lib/python3.5/site-packages/django/template/backends/django.py", line 66, in render
    return self.template.render(context)
  File "/Users/macbook/djangoProjects/Envs/smENV/lib/python3.5/site-packages/django/template/base.py", line 207, in render
    return self._render(context)
  File "/Users/macbook/djangoProjects/Envs/smENV/lib/python3.5/site-packages/django/template/base.py", line 199, in _render
    return self.nodelist.render(context)
  File "/Users/macbook/djangoProjects/Envs/smENV/lib/python3.5/site-packages/django/template/base.py", line 990, in render
    bit = node.render_annotated(context)
  File "/Users/macbook/djangoProjects/Envs/smENV/lib/python3.5/site-packages/django/template/base.py", line 957, in render_annotated
    return self.render(context)
  File "/Users/macbook/djangoProjects/Envs/smENV/lib/python3.5/site-packages/django/template/loader_tags.py", line 177, in render
    return compiled_parent._render(context)
  File "/Users/macbook/djangoProjects/Envs/smENV/lib/python3.5/site-packages/django/template/base.py", line 199, in _render
    return self.nodelist.render(context)
  File "/Users/macbook/djangoProjects/Envs/smENV/lib/python3.5/site-packages/django/template/base.py", line 990, in render
    bit = node.render_annotated(context)
  File "/Users/macbook/djangoProjects/Envs/smENV/lib/python3.5/site-packages/django/template/base.py", line 957, in render_annotated
    return self.render(context)
  File "/Users/macbook/djangoProjects/Envs/smENV/lib/python3.5/site-packages/django/templatetags/static.py", line 105, in render
    url = self.url(context)
  File "/Users/macbook/djangoProjects/Envs/smENV/lib/python3.5/site-packages/django/templatetags/static.py", line 102, in url
    return self.handle_simple(path)
  File "/Users/macbook/djangoProjects/Envs/smENV/lib/python3.5/site-packages/django/templatetags/static.py", line 117, in handle_simple
    return staticfiles_storage.url(path)
  File "/Users/macbook/djangoProjects/Envs/smENV/lib/python3.5/site-packages/django/contrib/staticfiles/storage.py", line 162, in url
    return self._url(self.stored_name, name, force)
  File "/Users/macbook/djangoProjects/Envs/smENV/lib/python3.5/site-packages/django/contrib/staticfiles/storage.py", line 141, in _url
    hashed_name = hashed_name_func(*args)
  File "/Users/macbook/djangoProjects/Envs/smENV/lib/python3.5/site-packages/django/contrib/staticfiles/storage.py", line 432, in stored_name
    raise ValueError("Missing staticfiles manifest entry for '%s'" % clean_name)
ValueError: Missing staticfiles manifest entry for 'css/blog.css'
[27/Oct/2017 18:02:17] ERROR [django.server:124] "GET / HTTP/1.1" 500 27
[27/Oct/2017 18:03:56] ERROR [django.request:135] Internal Server Error: /
Traceback (most recent call last):
  File "/Users/macbook/djangoProjects/Envs/smENV/lib/python3.5/site-packages/django/core/handlers/exception.py", line 41, in inner
    response = get_response(request)
  File "/Users/macbook/djangoProjects/Envs/smENV/lib/python3.5/site-packages/django/core/handlers/base.py", line 187, in _get_response
    response = self.process_exception_by_middleware(e, request)
  File "/Users/macbook/djangoProjects/Envs/smENV/lib/python3.5/site-packages/django/core/handlers/base.py", line 185, in _get_response
    response = wrapped_callback(request, *callback_args, **callback_kwargs)
  File "/Users/macbook/djangoProjects/Projects/SixtyMill_Repo/splash_page/views.py", line 38, in home
    return render(request, 'splash_page/home.html', context)
  File "/Users/macbook/djangoProjects/Envs/smENV/lib/python3.5/site-packages/django/shortcuts.py", line 30, in render
    content = loader.render_to_string(template_name, context, request, using=using)
  File "/Users/macbook/djangoProjects/Envs/smENV/lib/python3.5/site-packages/django/template/loader.py", line 68, in render_to_string
    return template.render(context, request)
  File "/Users/macbook/djangoProjects/Envs/smENV/lib/python3.5/site-packages/django/template/backends/django.py", line 66, in render
    return self.template.render(context)
  File "/Users/macbook/djangoProjects/Envs/smENV/lib/python3.5/site-packages/django/template/base.py", line 207, in render
    return self._render(context)
  File "/Users/macbook/djangoProjects/Envs/smENV/lib/python3.5/site-packages/django/template/base.py", line 199, in _render
    return self.nodelist.render(context)
  File "/Users/macbook/djangoProjects/Envs/smENV/lib/python3.5/site-packages/django/template/base.py", line 990, in render
    bit = node.render_annotated(context)
  File "/Users/macbook/djangoProjects/Envs/smENV/lib/python3.5/site-packages/django/template/base.py", line 957, in render_annotated
    return self.render(context)
  File "/Users/macbook/djangoProjects/Envs/smENV/lib/python3.5/site-packages/django/template/loader_tags.py", line 177, in render
    return compiled_parent._render(context)
  File "/Users/macbook/djangoProjects/Envs/smENV/lib/python3.5/site-packages/django/template/base.py", line 199, in _render
    return self.nodelist.render(context)
  File "/Users/macbook/djangoProjects/Envs/smENV/lib/python3.5/site-packages/django/template/base.py", line 990, in render
    bit = node.render_annotated(context)
  File "/Users/macbook/djangoProjects/Envs/smENV/lib/python3.5/site-packages/django/template/base.py", line 957, in render_annotated
    return self.render(context)
  File "/Users/macbook/djangoProjects/Envs/smENV/lib/python3.5/site-packages/django/templatetags/static.py", line 105, in render
    url = self.url(context)
  File "/Users/macbook/djangoProjects/Envs/smENV/lib/python3.5/site-packages/django/templatetags/static.py", line 102, in url
    return self.handle_simple(path)
  File "/Users/macbook/djangoProjects/Envs/smENV/lib/python3.5/site-packages/django/templatetags/static.py", line 117, in handle_simple
    return staticfiles_storage.url(path)
  File "/Users/macbook/djangoProjects/Envs/smENV/lib/python3.5/site-packages/django/contrib/staticfiles/storage.py", line 162, in url
    return self._url(self.stored_name, name, force)
  File "/Users/macbook/djangoProjects/Envs/smENV/lib/python3.5/site-packages/django/contrib/staticfiles/storage.py", line 141, in _url
    hashed_name = hashed_name_func(*args)
  File "/Users/macbook/djangoProjects/Envs/smENV/lib/python3.5/site-packages/django/contrib/staticfiles/storage.py", line 432, in stored_name
    raise ValueError("Missing staticfiles manifest entry for '%s'" % clean_name)
ValueError: Missing staticfiles manifest entry for 'css/blog.css'
[27/Oct/2017 18:03:56] ERROR [django.server:124] "GET / HTTP/1.1" 500 27
[27/Oct/2017 18:03:57] ERROR [django.request:135] Internal Server Error: /
Traceback (most recent call last):
  File "/Users/macbook/djangoProjects/Envs/smENV/lib/python3.5/site-packages/django/core/handlers/exception.py", line 41, in inner
    response = get_response(request)
  File "/Users/macbook/djangoProjects/Envs/smENV/lib/python3.5/site-packages/django/core/handlers/base.py", line 187, in _get_response
    response = self.process_exception_by_middleware(e, request)
  File "/Users/macbook/djangoProjects/Envs/smENV/lib/python3.5/site-packages/django/core/handlers/base.py", line 185, in _get_response
    response = wrapped_callback(request, *callback_args, **callback_kwargs)
  File "/Users/macbook/djangoProjects/Projects/SixtyMill_Repo/splash_page/views.py", line 38, in home
    return render(request, 'splash_page/home.html', context)
  File "/Users/macbook/djangoProjects/Envs/smENV/lib/python3.5/site-packages/django/shortcuts.py", line 30, in render
    content = loader.render_to_string(template_name, context, request, using=using)
  File "/Users/macbook/djangoProjects/Envs/smENV/lib/python3.5/site-packages/django/template/loader.py", line 68, in render_to_string
    return template.render(context, request)
  File "/Users/macbook/djangoProjects/Envs/smENV/lib/python3.5/site-packages/django/template/backends/django.py", line 66, in render
    return self.template.render(context)
  File "/Users/macbook/djangoProjects/Envs/smENV/lib/python3.5/site-packages/django/template/base.py", line 207, in render
    return self._render(context)
  File "/Users/macbook/djangoProjects/Envs/smENV/lib/python3.5/site-packages/django/template/base.py", line 199, in _render
    return self.nodelist.render(context)
  File "/Users/macbook/djangoProjects/Envs/smENV/lib/python3.5/site-packages/django/template/base.py", line 990, in render
    bit = node.render_annotated(context)
  File "/Users/macbook/djangoProjects/Envs/smENV/lib/python3.5/site-packages/django/template/base.py", line 957, in render_annotated
    return self.render(context)
  File "/Users/macbook/djangoProjects/Envs/smENV/lib/python3.5/site-packages/django/template/loader_tags.py", line 177, in render
    return compiled_parent._render(context)
  File "/Users/macbook/djangoProjects/Envs/smENV/lib/python3.5/site-packages/django/template/base.py", line 199, in _render
    return self.nodelist.render(context)
  File "/Users/macbook/djangoProjects/Envs/smENV/lib/python3.5/site-packages/django/template/base.py", line 990, in render
    bit = node.render_annotated(context)
  File "/Users/macbook/djangoProjects/Envs/smENV/lib/python3.5/site-packages/django/template/base.py", line 957, in render_annotated
    return self.render(context)
  File "/Users/macbook/djangoProjects/Envs/smENV/lib/python3.5/site-packages/django/templatetags/static.py", line 105, in render
    url = self.url(context)
  File "/Users/macbook/djangoProjects/Envs/smENV/lib/python3.5/site-packages/django/templatetags/static.py", line 102, in url
    return self.handle_simple(path)
  File "/Users/macbook/djangoProjects/Envs/smENV/lib/python3.5/site-packages/django/templatetags/static.py", line 117, in handle_simple
    return staticfiles_storage.url(path)
  File "/Users/macbook/djangoProjects/Envs/smENV/lib/python3.5/site-packages/django/contrib/staticfiles/storage.py", line 162, in url
    return self._url(self.stored_name, name, force)
  File "/Users/macbook/djangoProjects/Envs/smENV/lib/python3.5/site-packages/django/contrib/staticfiles/storage.py", line 141, in _url
    hashed_name = hashed_name_func(*args)
  File "/Users/macbook/djangoProjects/Envs/smENV/lib/python3.5/site-packages/django/contrib/staticfiles/storage.py", line 432, in stored_name
    raise ValueError("Missing staticfiles manifest entry for '%s'" % clean_name)
ValueError: Missing staticfiles manifest entry for 'css/blog.css'
[27/Oct/2017 18:03:57] ERROR [django.server:124] "GET / HTTP/1.1" 500 27
[27/Oct/2017 18:03:57] WARNING [django.request:152] Not Found: /favicon.ico
[27/Oct/2017 18:03:57] WARNING [django.server:124] "GET /favicon.ico HTTP/1.1" 404 85
[27/Oct/2017 18:04:02] ERROR [django.request:135] Internal Server Error: /
Traceback (most recent call last):
  File "/Users/macbook/djangoProjects/Envs/smENV/lib/python3.5/site-packages/django/core/handlers/exception.py", line 41, in inner
    response = get_response(request)
  File "/Users/macbook/djangoProjects/Envs/smENV/lib/python3.5/site-packages/django/core/handlers/base.py", line 187, in _get_response
    response = self.process_exception_by_middleware(e, request)
  File "/Users/macbook/djangoProjects/Envs/smENV/lib/python3.5/site-packages/django/core/handlers/base.py", line 185, in _get_response
    response = wrapped_callback(request, *callback_args, **callback_kwargs)
  File "/Users/macbook/djangoProjects/Projects/SixtyMill_Repo/splash_page/views.py", line 38, in home
    return render(request, 'splash_page/home.html', context)
  File "/Users/macbook/djangoProjects/Envs/smENV/lib/python3.5/site-packages/django/shortcuts.py", line 30, in render
    content = loader.render_to_string(template_name, context, request, using=using)
  File "/Users/macbook/djangoProjects/Envs/smENV/lib/python3.5/site-packages/django/template/loader.py", line 68, in render_to_string
    return template.render(context, request)
  File "/Users/macbook/djangoProjects/Envs/smENV/lib/python3.5/site-packages/django/template/backends/django.py", line 66, in render
    return self.template.render(context)
  File "/Users/macbook/djangoProjects/Envs/smENV/lib/python3.5/site-packages/django/template/base.py", line 207, in render
    return self._render(context)
  File "/Users/macbook/djangoProjects/Envs/smENV/lib/python3.5/site-packages/django/template/base.py", line 199, in _render
    return self.nodelist.render(context)
  File "/Users/macbook/djangoProjects/Envs/smENV/lib/python3.5/site-packages/django/template/base.py", line 990, in render
    bit = node.render_annotated(context)
  File "/Users/macbook/djangoProjects/Envs/smENV/lib/python3.5/site-packages/django/template/base.py", line 957, in render_annotated
    return self.render(context)
  File "/Users/macbook/djangoProjects/Envs/smENV/lib/python3.5/site-packages/django/template/loader_tags.py", line 177, in render
    return compiled_parent._render(context)
  File "/Users/macbook/djangoProjects/Envs/smENV/lib/python3.5/site-packages/django/template/base.py", line 199, in _render
    return self.nodelist.render(context)
  File "/Users/macbook/djangoProjects/Envs/smENV/lib/python3.5/site-packages/django/template/base.py", line 990, in render
    bit = node.render_annotated(context)
  File "/Users/macbook/djangoProjects/Envs/smENV/lib/python3.5/site-packages/django/template/base.py", line 957, in render_annotated
    return self.render(context)
  File "/Users/macbook/djangoProjects/Envs/smENV/lib/python3.5/site-packages/django/templatetags/static.py", line 105, in render
    url = self.url(context)
  File "/Users/macbook/djangoProjects/Envs/smENV/lib/python3.5/site-packages/django/templatetags/static.py", line 102, in url
    return self.handle_simple(path)
  File "/Users/macbook/djangoProjects/Envs/smENV/lib/python3.5/site-packages/django/templatetags/static.py", line 117, in handle_simple
    return staticfiles_storage.url(path)
  File "/Users/macbook/djangoProjects/Envs/smENV/lib/python3.5/site-packages/django/contrib/staticfiles/storage.py", line 162, in url
    return self._url(self.stored_name, name, force)
  File "/Users/macbook/djangoProjects/Envs/smENV/lib/python3.5/site-packages/django/contrib/staticfiles/storage.py", line 141, in _url
    hashed_name = hashed_name_func(*args)
  File "/Users/macbook/djangoProjects/Envs/smENV/lib/python3.5/site-packages/django/contrib/staticfiles/storage.py", line 432, in stored_name
    raise ValueError("Missing staticfiles manifest entry for '%s'" % clean_name)
ValueError: Missing staticfiles manifest entry for 'css/blog.css'
[27/Oct/2017 18:04:02] ERROR [django.server:124] "GET / HTTP/1.1" 500 27
[27/Oct/2017 18:04:03] ERROR [django.request:135] Internal Server Error: /
Traceback (most recent call last):
  File "/Users/macbook/djangoProjects/Envs/smENV/lib/python3.5/site-packages/django/core/handlers/exception.py", line 41, in inner
    response = get_response(request)
  File "/Users/macbook/djangoProjects/Envs/smENV/lib/python3.5/site-packages/django/core/handlers/base.py", line 187, in _get_response
    response = self.process_exception_by_middleware(e, request)
  File "/Users/macbook/djangoProjects/Envs/smENV/lib/python3.5/site-packages/django/core/handlers/base.py", line 185, in _get_response
    response = wrapped_callback(request, *callback_args, **callback_kwargs)
  File "/Users/macbook/djangoProjects/Projects/SixtyMill_Repo/splash_page/views.py", line 38, in home
    return render(request, 'splash_page/home.html', context)
  File "/Users/macbook/djangoProjects/Envs/smENV/lib/python3.5/site-packages/django/shortcuts.py", line 30, in render
    content = loader.render_to_string(template_name, context, request, using=using)
  File "/Users/macbook/djangoProjects/Envs/smENV/lib/python3.5/site-packages/django/template/loader.py", line 68, in render_to_string
    return template.render(context, request)
  File "/Users/macbook/djangoProjects/Envs/smENV/lib/python3.5/site-packages/django/template/backends/django.py", line 66, in render
    return self.template.render(context)
  File "/Users/macbook/djangoProjects/Envs/smENV/lib/python3.5/site-packages/django/template/base.py", line 207, in render
    return self._render(context)
  File "/Users/macbook/djangoProjects/Envs/smENV/lib/python3.5/site-packages/django/template/base.py", line 199, in _render
    return self.nodelist.render(context)
  File "/Users/macbook/djangoProjects/Envs/smENV/lib/python3.5/site-packages/django/template/base.py", line 990, in render
    bit = node.render_annotated(context)
  File "/Users/macbook/djangoProjects/Envs/smENV/lib/python3.5/site-packages/django/template/base.py", line 957, in render_annotated
    return self.render(context)
  File "/Users/macbook/djangoProjects/Envs/smENV/lib/python3.5/site-packages/django/template/loader_tags.py", line 177, in render
    return compiled_parent._render(context)
  File "/Users/macbook/djangoProjects/Envs/smENV/lib/python3.5/site-packages/django/template/base.py", line 199, in _render
    return self.nodelist.render(context)
  File "/Users/macbook/djangoProjects/Envs/smENV/lib/python3.5/site-packages/django/template/base.py", line 990, in render
    bit = node.render_annotated(context)
  File "/Users/macbook/djangoProjects/Envs/smENV/lib/python3.5/site-packages/django/template/base.py", line 957, in render_annotated
    return self.render(context)
  File "/Users/macbook/djangoProjects/Envs/smENV/lib/python3.5/site-packages/django/templatetags/static.py", line 105, in render
    url = self.url(context)
  File "/Users/macbook/djangoProjects/Envs/smENV/lib/python3.5/site-packages/django/templatetags/static.py", line 102, in url
    return self.handle_simple(path)
  File "/Users/macbook/djangoProjects/Envs/smENV/lib/python3.5/site-packages/django/templatetags/static.py", line 117, in handle_simple
    return staticfiles_storage.url(path)
  File "/Users/macbook/djangoProjects/Envs/smENV/lib/python3.5/site-packages/django/contrib/staticfiles/storage.py", line 162, in url
    return self._url(self.stored_name, name, force)
  File "/Users/macbook/djangoProjects/Envs/smENV/lib/python3.5/site-packages/django/contrib/staticfiles/storage.py", line 141, in _url
    hashed_name = hashed_name_func(*args)
  File "/Users/macbook/djangoProjects/Envs/smENV/lib/python3.5/site-packages/django/contrib/staticfiles/storage.py", line 432, in stored_name
    raise ValueError("Missing staticfiles manifest entry for '%s'" % clean_name)
ValueError: Missing staticfiles manifest entry for 'css/blog.css'
[27/Oct/2017 18:04:03] ERROR [django.server:124] "GET / HTTP/1.1" 500 27
[27/Oct/2017 18:04:10] ERROR [django.request:135] Internal Server Error: /
Traceback (most recent call last):
  File "/Users/macbook/djangoProjects/Envs/smENV/lib/python3.5/site-packages/django/core/handlers/exception.py", line 41, in inner
    response = get_response(request)
  File "/Users/macbook/djangoProjects/Envs/smENV/lib/python3.5/site-packages/django/core/handlers/base.py", line 187, in _get_response
    response = self.process_exception_by_middleware(e, request)
  File "/Users/macbook/djangoProjects/Envs/smENV/lib/python3.5/site-packages/django/core/handlers/base.py", line 185, in _get_response
    response = wrapped_callback(request, *callback_args, **callback_kwargs)
  File "/Users/macbook/djangoProjects/Projects/SixtyMill_Repo/splash_page/views.py", line 38, in home
    return render(request, 'splash_page/home.html', context)
  File "/Users/macbook/djangoProjects/Envs/smENV/lib/python3.5/site-packages/django/shortcuts.py", line 30, in render
    content = loader.render_to_string(template_name, context, request, using=using)
  File "/Users/macbook/djangoProjects/Envs/smENV/lib/python3.5/site-packages/django/template/loader.py", line 68, in render_to_string
    return template.render(context, request)
  File "/Users/macbook/djangoProjects/Envs/smENV/lib/python3.5/site-packages/django/template/backends/django.py", line 66, in render
    return self.template.render(context)
  File "/Users/macbook/djangoProjects/Envs/smENV/lib/python3.5/site-packages/django/template/base.py", line 207, in render
    return self._render(context)
  File "/Users/macbook/djangoProjects/Envs/smENV/lib/python3.5/site-packages/django/template/base.py", line 199, in _render
    return self.nodelist.render(context)
  File "/Users/macbook/djangoProjects/Envs/smENV/lib/python3.5/site-packages/django/template/base.py", line 990, in render
    bit = node.render_annotated(context)
  File "/Users/macbook/djangoProjects/Envs/smENV/lib/python3.5/site-packages/django/template/base.py", line 957, in render_annotated
    return self.render(context)
  File "/Users/macbook/djangoProjects/Envs/smENV/lib/python3.5/site-packages/django/template/loader_tags.py", line 177, in render
    return compiled_parent._render(context)
  File "/Users/macbook/djangoProjects/Envs/smENV/lib/python3.5/site-packages/django/template/base.py", line 199, in _render
    return self.nodelist.render(context)
  File "/Users/macbook/djangoProjects/Envs/smENV/lib/python3.5/site-packages/django/template/base.py", line 990, in render
    bit = node.render_annotated(context)
  File "/Users/macbook/djangoProjects/Envs/smENV/lib/python3.5/site-packages/django/template/base.py", line 957, in render_annotated
    return self.render(context)
  File "/Users/macbook/djangoProjects/Envs/smENV/lib/python3.5/site-packages/django/templatetags/static.py", line 105, in render
    url = self.url(context)
  File "/Users/macbook/djangoProjects/Envs/smENV/lib/python3.5/site-packages/django/templatetags/static.py", line 102, in url
    return self.handle_simple(path)
  File "/Users/macbook/djangoProjects/Envs/smENV/lib/python3.5/site-packages/django/templatetags/static.py", line 117, in handle_simple
    return staticfiles_storage.url(path)
  File "/Users/macbook/djangoProjects/Envs/smENV/lib/python3.5/site-packages/django/contrib/staticfiles/storage.py", line 162, in url
    return self._url(self.stored_name, name, force)
  File "/Users/macbook/djangoProjects/Envs/smENV/lib/python3.5/site-packages/django/contrib/staticfiles/storage.py", line 141, in _url
    hashed_name = hashed_name_func(*args)
  File "/Users/macbook/djangoProjects/Envs/smENV/lib/python3.5/site-packages/django/contrib/staticfiles/storage.py", line 432, in stored_name
    raise ValueError("Missing staticfiles manifest entry for '%s'" % clean_name)
ValueError: Missing staticfiles manifest entry for 'css/blog.css'
[27/Oct/2017 18:04:10] ERROR [django.server:124] "GET / HTTP/1.1" 500 27
[27/Oct/2017 18:04:19] INFO [django.server:124] "GET / HTTP/1.1" 200 10182
